<?xml version="1.0" encoding="UTF-8"?>
<!-- Generated by org.testng.reporters.JUnitReportReporter -->
<testsuite skipped="0" hostname="LAPTOP-79LI2G12" name="screenshot.FacebookScreeenShot" tests="1" failures="0" timestamp="18 Dec 2018 06:42:45 GMT" time="11.936" errors="0">
  <testcase name="capturescreenshot" time="11.936" classname="screenshot.FacebookScreeenShot"/>
</testsuite> <!-- screenshot.FacebookScreeenShot -->
