<?xml version="1.0" encoding="UTF-8"?>
<!-- Generated by org.testng.reporters.JUnitReportReporter -->
<testsuite skipped="0" hostname="LAPTOP-79LI2G12" name="mouseHover.HiddenWebElement" tests="1" failures="0" timestamp="24 Dec 2018 06:30:12 GMT" time="46.843" errors="0">
  <testcase name="test" time="46.843" classname="mouseHover.HiddenWebElement"/>
</testsuite> <!-- mouseHover.HiddenWebElement -->
