<?xml version="1.0" encoding="UTF-8"?>
<!-- Generated by org.testng.reporters.JUnitReportReporter -->
<testsuite skipped="0" hostname="LAPTOP-79LI2G12" name="mouseHover.MouseHover" tests="1" failures="0" timestamp="24 Dec 2018 10:58:16 GMT" time="26.897" errors="0">
  <testcase name="test" time="26.897" classname="mouseHover.MouseHover"/>
</testsuite> <!-- mouseHover.MouseHover -->
