<?xml version="1.0" encoding="UTF-8"?>
<!-- Generated by org.testng.reporters.JUnitReportReporter -->
<testsuite skipped="0" hostname="LAPTOP-79LI2G12" name="mouseHover.FileUpload$NewDemo" tests="1" failures="0" timestamp="24 Dec 2018 13:34:07 GMT" time="98.462" errors="0">
  <testcase name="test" time="98.462" classname="mouseHover.FileUpload$NewDemo"/>
</testsuite> <!-- mouseHover.FileUpload$NewDemo -->
