<?xml version="1.0" encoding="UTF-8"?>
<!-- Generated by org.testng.reporters.JUnitReportReporter -->
<testsuite skipped="0" hostname="LAPTOP-79LI2G12" name="com.Selenium1.Demo3" tests="1" failures="0" timestamp="16 Dec 2018 07:11:57 GMT" time="38.940" errors="0">
  <testcase name="enterdata" time="38.940" classname="com.Selenium1.Demo3"/>
</testsuite> <!-- com.Selenium1.Demo3 -->
