<?xml version="1.0" encoding="UTF-8"?>
<!-- Generated by org.testng.reporters.JUnitReportReporter -->
<testsuite skipped="0" hostname="LAPTOP-79LI2G12" name="com.Selenium1.Demo" tests="1" failures="0" timestamp="13 Dec 2018 16:17:42 GMT" time="37.438" errors="0">
  <testcase name="enterdata" time="37.438" classname="com.Selenium1.Demo"/>
</testsuite> <!-- com.Selenium1.Demo -->
