<?xml version="1.0" encoding="UTF-8"?>
<!-- Generated by org.testng.reporters.JUnitReportReporter -->
<testsuite skipped="0" hostname="LAPTOP-79LI2G12" name="testNG.DataProviderInTestNG" tests="5" failures="0" timestamp="25 Dec 2018 06:30:53 GMT" time="0.020" errors="0">
  <testcase name="test3" time="0.015" classname="testNG.DataProviderInTestNG"/>
  <testcase name="test3" time="0.005" classname="testNG.DataProviderInTestNG"/>
  <testcase name="test3" time="0.000" classname="testNG.DataProviderInTestNG"/>
  <testcase name="test3" time="0.000" classname="testNG.DataProviderInTestNG"/>
  <testcase name="test3" time="0.000" classname="testNG.DataProviderInTestNG"/>
</testsuite> <!-- testNG.DataProviderInTestNG -->
