<?xml version="1.0" encoding="UTF-8"?>
<!-- Generated by org.testng.reporters.JUnitReportReporter -->
<testsuite skipped="0" hostname="LAPTOP-79LI2G12" name="com.Selenium1.BootStrap2" tests="1" failures="0" timestamp="17 Dec 2018 04:16:53 GMT" time="22.332" errors="0">
  <testcase name="enterdata" time="22.332" classname="com.Selenium1.BootStrap2"/>
</testsuite> <!-- com.Selenium1.BootStrap2 -->
