<?xml version="1.0" encoding="UTF-8"?>
<!-- Generated by org.testng.reporters.JUnitReportReporter -->
<testsuite skipped="0" hostname="LAPTOP-79LI2G12" name="scrollIntoSelenium.ScrollInto" tests="1" failures="0" timestamp="17 Dec 2018 15:02:27 GMT" time="23.300" errors="0">
  <testcase name="test" time="23.300" classname="scrollIntoSelenium.ScrollInto"/>
</testsuite> <!-- scrollIntoSelenium.ScrollInto -->
