<?xml version="1.0" encoding="UTF-8"?>
<!-- Generated by org.testng.reporters.JUnitReportReporter -->
<testsuite skipped="0" hostname="LAPTOP-79LI2G12" name="softAssertion.VerifyTitle" tests="1" failures="0" timestamp="16 Dec 2018 16:31:20 GMT" time="0.031" errors="0">
  <testcase name="verifyTitles" time="0.031" classname="softAssertion.VerifyTitle"/>
</testsuite> <!-- softAssertion.VerifyTitle -->
