<?xml version="1.0" encoding="UTF-8"?>
<!-- Generated by org.testng.reporters.JUnitReportReporter -->
<testsuite skipped="0" hostname="LAPTOP-79LI2G12" name="screenshot.ScreenShot" tests="1" failures="0" timestamp="14 Dec 2018 15:01:40 GMT" time="26.700" errors="0">
  <testcase name="test1" time="26.700" classname="screenshot.ScreenShot"/>
</testsuite> <!-- screenshot.ScreenShot -->
