<?xml version="1.0" encoding="UTF-8"?>
<!-- Generated by org.testng.reporters.JUnitReportReporter -->
<testsuite skipped="0" hostname="LAPTOP-79LI2G12" name="multiplewindow.HandleWindow3" tests="1" failures="0" timestamp="02 Jan 2019 03:27:57 GMT" time="56.136" errors="0">
  <testcase name="test" time="56.136" classname="multiplewindow.HandleWindow3"/>
</testsuite> <!-- multiplewindow.HandleWindow3 -->
