<?xml version="1.0" encoding="UTF-8"?>
<!-- Generated by org.testng.reporters.JUnitReportReporter -->
<testsuite skipped="0" hostname="LAPTOP-79LI2G12" name="mouseHover.NewDemo" tests="1" failures="0" timestamp="24 Dec 2018 07:54:38 GMT" time="4.974" errors="0">
  <testcase name="test" time="4.974" classname="mouseHover.NewDemo"/>
</testsuite> <!-- mouseHover.NewDemo -->
