<?xml version="1.0" encoding="UTF-8"?>
<!-- Generated by org.testng.reporters.JUnitReportReporter -->
<testsuite skipped="0" hostname="LAPTOP-79LI2G12" name="runner.TestRunner" tests="1" failures="0" timestamp="31 Dec 2018 08:21:57 GMT" time="0.279" errors="0">
  <testcase name="test" time="0.279" classname="runner.TestRunner"/>
</testsuite> <!-- runner.TestRunner -->
