<?xml version="1.0" encoding="UTF-8"?>
<!-- Generated by org.testng.reporters.JUnitReportReporter -->
<testsuite skipped="0" hostname="LAPTOP-79LI2G12" name="testNG.Demo" tests="2" failures="0" timestamp="31 Dec 2018 06:26:01 GMT" time="35.419" errors="0">
  <testcase name="setup" time="23.477" classname="testNG.Demo"/>
  <testcase name="setup" time="11.942" classname="testNG.Demo"/>
</testsuite> <!-- testNG.Demo -->
