<?xml version="1.0" encoding="UTF-8"?>
<!-- Generated by org.testng.reporters.JUnitReportReporter -->
<testsuite skipped="0" hostname="LAPTOP-79LI2G12" name="com.Selenium1.Demo2" tests="1" failures="0" timestamp="13 Dec 2018 16:36:21 GMT" time="18.785" errors="0">
  <testcase name="enterdata" time="18.785" classname="com.Selenium1.Demo2"/>
</testsuite> <!-- com.Selenium1.Demo2 -->
