<?xml version="1.0" encoding="UTF-8"?>
<!-- Generated by org.testng.reporters.JUnitReportReporter -->
<testsuite skipped="0" hostname="LAPTOP-79LI2G12" name="testNG.BasicAnnotations" tests="2" failures="0" timestamp="26 Dec 2018 12:23:22 GMT" time="0.016" errors="0">
  <testcase name="test10" time="0.011" classname="testNG.BasicAnnotations"/>
  <testcase name="test5" time="0.005" classname="testNG.BasicAnnotations"/>
</testsuite> <!-- testNG.BasicAnnotations -->
