<?xml version="1.0" encoding="UTF-8"?>
<!-- Generated by org.testng.reporters.JUnitReportReporter -->
<testsuite skipped="0" hostname="LAPTOP-79LI2G12" name="com.Selenium1.BootStrapLogin" tests="1" failures="0" timestamp="17 Dec 2018 13:57:40 GMT" time="69.155" errors="0">
  <testcase name="test" time="69.155" classname="com.Selenium1.BootStrapLogin"/>
</testsuite> <!-- com.Selenium1.BootStrapLogin -->
