<?xml version="1.0" encoding="UTF-8"?>
<!-- Generated by org.testng.reporters.JUnitReportReporter -->
<testsuite skipped="0" hostname="LAPTOP-79LI2G12" name="verifyErrorMsg.BrokenLink" tests="1" failures="0" timestamp="17 Dec 2018 10:50:51 GMT" time="39.406" errors="0">
  <testcase name="test" time="39.406" classname="verifyErrorMsg.BrokenLink"/>
</testsuite> <!-- verifyErrorMsg.BrokenLink -->
