<?xml version="1.0" encoding="UTF-8"?>
<!-- Generated by org.testng.reporters.JUnitReportReporter -->
<testsuite skipped="0" hostname="LAPTOP-79LI2G12" name="multiplewindow.HandleWindow" tests="1" failures="0" timestamp="31 Dec 2018 16:48:25 GMT" time="87.161" errors="0">
  <testcase name="test" time="87.161" classname="multiplewindow.HandleWindow"/>
</testsuite> <!-- multiplewindow.HandleWindow -->
