<?xml version="1.0" encoding="UTF-8"?>
<!-- Generated by org.testng.reporters.JUnitReportReporter -->
<testsuite skipped="0" hostname="LAPTOP-79LI2G12" name="readExcel.Example" tests="10" failures="0" timestamp="31 Dec 2018 12:39:39 GMT" time="160.038" errors="0">
  <testcase name="setup" time="15.687" classname="readExcel.Example"/>
  <testcase name="setup" time="38.295" classname="readExcel.Example"/>
  <testcase name="setup" time="15.259" classname="readExcel.Example"/>
  <testcase name="setup" time="14.441" classname="readExcel.Example"/>
  <testcase name="setup" time="15.945" classname="readExcel.Example"/>
  <testcase name="setup" time="12.986" classname="readExcel.Example"/>
  <testcase name="setup" time="10.547" classname="readExcel.Example"/>
  <testcase name="setup" time="9.911" classname="readExcel.Example"/>
  <testcase name="setup" time="16.405" classname="readExcel.Example"/>
  <testcase name="setup" time="10.562" classname="readExcel.Example"/>
</testsuite> <!-- readExcel.Example -->
