<?xml version="1.0" encoding="UTF-8"?>
<!-- Generated by org.testng.reporters.JUnitReportReporter -->
<testsuite skipped="0" hostname="LAPTOP-79LI2G12" name="mouseHover.Yahoomail" tests="1" failures="0" timestamp="24 Dec 2018 05:48:59 GMT" time="18.234" errors="0">
  <testcase name="test" time="18.234" classname="mouseHover.Yahoomail"/>
</testsuite> <!-- mouseHover.Yahoomail -->
