<?xml version="1.0" encoding="UTF-8"?>
<!-- Generated by org.testng.reporters.JUnitReportReporter -->
<testsuite skipped="0" hostname="LAPTOP-79LI2G12" name="certificateissue.HandleCertificate" tests="1" failures="0" timestamp="02 Jan 2019 04:11:30 GMT" time="10.521" errors="0">
  <testcase name="certificates" time="10.521" classname="certificateissue.HandleCertificate"/>
</testsuite> <!-- certificateissue.HandleCertificate -->
