<?xml version="1.0" encoding="UTF-8"?>
<!-- Generated by org.testng.reporters.JUnitReportReporter -->
<testsuite skipped="0" hostname="LAPTOP-79LI2G12" name="testNG.DDTExcel" tests="10" failures="0" timestamp="31 Dec 2018 07:00:42 GMT" time="118.520" errors="0">
  <testcase name="setup" time="12.035" classname="testNG.DDTExcel"/>
  <testcase name="setup" time="15.489" classname="testNG.DDTExcel"/>
  <testcase name="setup" time="9.583" classname="testNG.DDTExcel"/>
  <testcase name="setup" time="13.582" classname="testNG.DDTExcel"/>
  <testcase name="setup" time="9.527" classname="testNG.DDTExcel"/>
  <testcase name="setup" time="11.964" classname="testNG.DDTExcel"/>
  <testcase name="setup" time="9.962" classname="testNG.DDTExcel"/>
  <testcase name="setup" time="10.556" classname="testNG.DDTExcel"/>
  <testcase name="setup" time="13.190" classname="testNG.DDTExcel"/>
  <testcase name="setup" time="12.632" classname="testNG.DDTExcel"/>
</testsuite> <!-- testNG.DDTExcel -->
