<?xml version="1.0" encoding="UTF-8"?>
<!-- Generated by org.testng.reporters.JUnitReportReporter -->
<testsuite skipped="0" hostname="LAPTOP-79LI2G12" name="handleAlert.HandleAlert" tests="1" failures="0" timestamp="02 Jan 2019 03:46:01 GMT" time="12.574" errors="0">
  <testcase name="test" time="12.574" classname="handleAlert.HandleAlert"/>
</testsuite> <!-- handleAlert.HandleAlert -->
