<?xml version="1.0" encoding="UTF-8"?>
<!-- Generated by org.testng.reporters.JUnitReportReporter -->
<testsuite skipped="0" hostname="LAPTOP-79LI2G12" name="multiplewindow.HandleWindow2" tests="1" failures="0" timestamp="31 Dec 2018 17:21:00 GMT" time="17.598" errors="0">
  <testcase name="test" time="17.598" classname="multiplewindow.HandleWindow2"/>
</testsuite> <!-- multiplewindow.HandleWindow2 -->
