<?xml version="1.0" encoding="UTF-8"?>
<!-- Generated by org.testng.reporters.JUnitReportReporter -->
<testsuite skipped="0" hostname="LAPTOP-79LI2G12" name="verifyErrorMsg.ExampleGmail" tests="1" failures="0" timestamp="17 Dec 2018 05:58:47 GMT" time="20.927" errors="0">
  <testcase name="verifyErrorMsg" time="20.927" classname="verifyErrorMsg.ExampleGmail"/>
</testsuite> <!-- verifyErrorMsg.ExampleGmail -->
