<?xml version="1.0" encoding="UTF-8"?>
<!-- Generated by org.testng.reporters.JUnitReportReporter -->
<testsuite skipped="0" hostname="LAPTOP-79LI2G12" name="webtable.Calendar" tests="1" failures="0" timestamp="02 Jan 2019 06:58:39 GMT" time="33.284" errors="0">
  <testcase name="login" time="33.284" classname="webtable.Calendar"/>
</testsuite> <!-- webtable.Calendar -->
