<?xml version="1.0" encoding="UTF-8"?>
<!-- Generated by org.testng.reporters.JUnitReportReporter -->
<testsuite skipped="0" hostname="LAPTOP-79LI2G12" name="testNG.RunTestThroughTestNGXml" tests="2" failures="0" timestamp="25 Dec 2018 13:16:20 GMT" time="0.038" errors="0">
  <testcase name="test1" time="0.035" classname="testNG.RunTestThroughTestNGXml"/>
  <testcase name="test" time="0.003" classname="testNG.RunTestThroughTestNGXml"/>
</testsuite> <!-- testNG.RunTestThroughTestNGXml -->
