<?xml version="1.0" encoding="UTF-8"?>
<!-- Generated by org.testng.reporters.JUnitReportReporter -->
<testsuite skipped="0" hostname="LAPTOP-79LI2G12" name="testNGClasses.TestCase2" tests="1" failures="0" timestamp="31 Dec 2018 07:45:11 GMT" time="0.005" errors="0">
  <testcase name="test" time="0.005" classname="testNGClasses.TestCase2"/>
</testsuite> <!-- testNGClasses.TestCase2 -->
