<?xml version="1.0" encoding="UTF-8"?>
<!-- Generated by org.testng.reporters.JUnitReportReporter -->
<testsuite skipped="0" hostname="LAPTOP-79LI2G12" name="testNG.GroupingInTestNG" tests="1" failures="0" timestamp="26 Dec 2018 13:32:00 GMT" time="0.015" errors="0">
  <testcase name="test2" time="0.015" classname="testNG.GroupingInTestNG"/>
</testsuite> <!-- testNG.GroupingInTestNG -->
