<?xml version="1.0" encoding="UTF-8"?>
<!-- Generated by org.testng.reporters.JUnitReportReporter -->
<testsuite skipped="0" hostname="LAPTOP-79LI2G12" name="testNG.Example" tests="10" failures="0" timestamp="01 Jan 2019 05:05:09 GMT" time="114.961" errors="0">
  <testcase name="logig" time="12.596" classname="testNG.Example"/>
  <testcase name="logig" time="12.801" classname="testNG.Example"/>
  <testcase name="logig" time="11.652" classname="testNG.Example"/>
  <testcase name="logig" time="11.802" classname="testNG.Example"/>
  <testcase name="logig" time="11.883" classname="testNG.Example"/>
  <testcase name="logig" time="9.914" classname="testNG.Example"/>
  <testcase name="logig" time="11.271" classname="testNG.Example"/>
  <testcase name="logig" time="12.560" classname="testNG.Example"/>
  <testcase name="logig" time="10.541" classname="testNG.Example"/>
  <testcase name="logig" time="9.941" classname="testNG.Example"/>
</testsuite> <!-- testNG.Example -->
