<?xml version="1.0" encoding="UTF-8"?>
<!-- Generated by org.testng.reporters.JUnitReportReporter -->
<testsuite skipped="0" hostname="LAPTOP-79LI2G12" name="screenshot.Example1" tests="1" failures="0" timestamp="16 Dec 2018 16:50:19 GMT" time="0.029" errors="0">
  <testcase name="test" time="0.029" classname="screenshot.Example1"/>
</testsuite> <!-- screenshot.Example1 -->
