<?xml version="1.0" encoding="UTF-8"?>
<!-- Generated by org.testng.reporters.JUnitReportReporter -->
<testsuite skipped="0" hostname="LAPTOP-79LI2G12" name="com.Selenium1.BootStrap" tests="1" failures="0" timestamp="16 Dec 2018 09:24:02 GMT" time="47.127" errors="0">
  <testcase name="enterdata" time="47.127" classname="com.Selenium1.BootStrap"/>
</testsuite> <!-- com.Selenium1.BootStrap -->
