<?xml version="1.0" encoding="UTF-8"?>
<!-- Generated by org.testng.reporters.JUnitReportReporter -->
<testsuite skipped="0" hostname="LAPTOP-79LI2G12" name="seleniumGrid.TesFFGrid" tests="1" failures="0" timestamp="02 Jan 2019 13:53:09 GMT" time="211.762" errors="0">
  <testcase name="test" time="211.762" classname="seleniumGrid.TesFFGrid"/>
</testsuite> <!-- seleniumGrid.TesFFGrid -->
